[LOG] System::create                           : Header version = 1.10.10. Current version = 1.10.10.
[LOG] Manager::init                            : maxchannels = 256 studioflags = 00000006 flags 00000000 extradriverdata 0000000000000000.
[LOG] SystemI::init                            : Initialize version=11010 (98815), maxchannels=256, flags=0x00020000
[LOG] SystemI::setOutputInternal               : Setting output to 'FMOD WASAPI Output'
[LOG] OutputWASAPI::init                       : Mix Format (WAVEFORMATEX): wFormatTag=0xFFFE, nChannels=2, nSamplesPerSec=48000, nAvgBytesPerSec=384000, nBlockAlign=8, wBitsPerSample=32, cbSize=22.
[LOG] OutputWASAPI::init                       : Mix Format (WAVEFORMATEXTENSIBLE): wValidBitsPerSample=32, dwChannelMask=0x00000003, SubFormat=00000003-0000-0010-8000-00AA00389B71.
[LOG] OutputWASAPI::init                       : Output buffer size: 4096 samples, latency: 0.00ms, period: 10.00ms, DSP buffer: 1024 * 4
[LOG] Thread::initThread                       : Init FMOD stream thread. Priority: 2, Stack Size: 65536, Semaphore: No, Sleep Time: 10, Looping: Yes.
[LOG] Thread::initThread                       : Init FMOD mixer thread. Priority: 3, Stack Size: 49152, Semaphore: No, Sleep Time: 0, Looping: Yes.
[LOG] AsyncManager::init                       : manager 0000000048506B98 isAsync 0 updatePeriod 0.02
[LOG] AsyncManager::init                       : done
[LOG] PlaybackSystem::init                     : 
[LOG] Thread::initThread                       : Init FMOD Studio sample load thread. Priority: 0, Stack Size: 65536, Semaphore: No, Sleep Time: 1, Looping: No.
[LOG] PlaybackSystem::init                     : done
[LOG] Thread::initThread                       : Init FMOD Studio bank load thread. Priority: 0, Stack Size: 65536, Semaphore: No, Sleep Time: 1, Looping: No.
[LOG] Manager::init                            : done.
[ERR] RuntimeBankModel::openFile               : Failed to open file 'D:\Den Haag\Program Files (x86)\GameJam\GameJamHome\Assets\FMOD\neighbours\Build\Desktop\Master Bank.bank'
[LOG] Manager::readBank                        : fileversion = 103, compatVersion = 99 (oldest = 44, newest = 103)
[LOG] PlaybackSystem::acquireMasterBus         : Setting master channel group format to 6
[LOG] Manager::readBank                        : fileversion = 103, compatVersion = 99 (oldest = 44, newest = 103)
[LOG] Manager::finishLoadBank                  : Bank with guid {4cd2db49-49ee-43e8-93cf-8e95d8b08865} has already been loaded
[LOG] SystemI::createSound                     : filename = C:\GameJamFOlder\GameJam\GameJamHome\Assets\FMOD\neighbours\Build\Desktop\Master Bank.bank : mode 02010082
[LOG] SystemI::createSound                     : FMOD_NONBLOCKING specified.  Putting into queue to be opened asynchronously!
[LOG] Thread::initThread                       : Init FMOD nonblocking thread (0). Priority: 1, Stack Size: 81920, Semaphore: Yes, Sleep Time: 0, Looping: Yes.
[LOG] SystemI::createSound                     : setdata soundi = 0000000041061B28 : node = 0000000048F1EDA0
[LOG] SystemI::createSound                     : add node to async list : head = 00000000413FBE88.  list count = 0
[LOG] SystemI::createSound                     : filename = C:\GameJamFOlder\GameJam\GameJamHome\Assets\FMOD\neighbours\Build\Desktop\Master Bank.bank : mode 02010082
[LOG] SystemI::createSound                     : FMOD_NONBLOCKING specified.  Putting into queue to be opened asynchronously!
[LOG] SystemI::createSound                     : setdata soundi = 0000000041061CD8 : node = 0000000048F1F190
[LOG] SystemI::createSound                     : add node to async list : head = 00000000413FBE88.  list count = 0
[LOG] AsyncThread::threadFunc                  : Starting Asynchronous operation on sound 0000000041061B28
[LOG] SystemI::createSoundInternal             :     Create name='C:\GameJamFOlder\GameJam\GameJamHome\Assets\FMOD\neighbours\Build\Desktop\Master Bank.bank', mode=0x02010082
[LOG] SystemI::createSoundInternal             :     exinfo->cbsize             = 232
[LOG] SystemI::createSoundInternal             :     exinfo->length             = 2746176
[LOG] SystemI::createSoundInternal             :     exinfo->fileoffset         = 31264
[LOG] SystemI::createSoundInternal             :     exinfo->numsubsounds       = 1
[LOG] SystemI::createSoundInternal             :     exinfo->inclusionlist      = 0000000048F1EEB8
[LOG] SystemI::createSoundInternal             :     exinfo->inclusionlistnum   = 1
[LOG] SystemI::createSoundInternal             :     exinfo->suggestedsoundtype = 5
[LOG] SystemI::createSoundInternal             :     exinfo->initialseekpostype = 1
[LOG] SystemI::createSoundInternal             :     Stream 0/1: name='INTRO INSTRUMENTS', format=2, channels=2, frequency=48000, lengthbytes=140736, lengthpcm=506373, pcmblocksize=0, loopstart=0, loopend=0, mode=0x00000000, channelmask=0x00000000, channelorder=0, peakvolume=0.400330.
[LOG] Thread::initThread                       :     Init FMOD file thread. Priority: 1, Stack Size: 16384, Semaphore: No, Sleep Time: 10, Looping: Yes.
[LOG] AsyncThread::threadFunc                  : Finished Asynchronous operation on sound 0000000041061B28
[LOG] AsyncThread::threadFunc                  : Starting Asynchronous operation on sound 0000000041061CD8
[LOG] SystemI::createSoundInternal             :     Create name='C:\GameJamFOlder\GameJam\GameJamHome\Assets\FMOD\neighbours\Build\Desktop\Master Bank.bank', mode=0x02010082
[LOG] SystemI::createSoundInternal             :     exinfo->cbsize             = 232
[LOG] SystemI::createSoundInternal             :     exinfo->length             = 2746176
[LOG] SystemI::createSoundInternal             :     exinfo->fileoffset         = 31264
[LOG] SystemI::createSoundInternal             :     exinfo->numsubsounds       = 1
[LOG] SystemI::createSoundInternal             :     exinfo->inclusionlist      = 0000000048F1F2A8
[LOG] SystemI::createSoundInternal             :     exinfo->inclusionlistnum   = 1
[LOG] SystemI::createSoundInternal             :     exinfo->suggestedsoundtype = 5
[LOG] SystemI::createSoundInternal             :     exinfo->initialseekpostype = 1
[LOG] SystemI::createSoundInternal             :     Stream 0/1: name='INTRO DRUMS', format=2, channels=2, frequency=48000, lengthbytes=108768, lengthpcm=506373, pcmblocksize=0, loopstart=0, loopend=0, mode=0x00000000, channelmask=0x00000000, channelorder=0, peakvolume=0.363007.
[LOG] AsyncThread::threadFunc                  : Finished Asynchronous operation on sound 0000000041061CD8
[LOG] SoundI::getSubSound                      : sound 0000000041061B28.  Subsound index 0 / 1
[LOG] SoundI::getSubSound                      : sound 0000000041061CD8.  Subsound index 0 / 1
[LOG] SystemI::createSound                     : filename = C:\GameJamFOlder\GameJam\GameJamHome\Assets\FMOD\neighbours\Build\Desktop\Master Bank.bank : mode 02010082
[LOG] SystemI::createSound                     : FMOD_NONBLOCKING specified.  Putting into queue to be opened asynchronously!
[LOG] SystemI::createSound                     : setdata soundi = 0000000041062398 : node = 0000000048F203F0
[LOG] SystemI::createSound                     : add node to async list : head = 00000000413FBE88.  list count = 0
[LOG] SystemI::createSound                     : filename = C:\GameJamFOlder\GameJam\GameJamHome\Assets\FMOD\neighbours\Build\Desktop\Master Bank.bank : mode 02010082
[LOG] SystemI::createSound                     : FMOD_NONBLOCKING specified.  Putting into queue to be opened asynchronously!
[LOG] AsyncThread::threadFunc                  : Starting Asynchronous operation on sound 0000000041062398
[LOG] SystemI::createSound                     : setdata soundi = 0000000041062548 : node = 0000000048F1FD60
[LOG] SystemI::createSoundInternal             :     Create name='C:\GameJamFOlder\GameJam\GameJamHome\Assets\FMOD\neighbours\Build\Desktop\Master Bank.bank', mode=0x02010082
[LOG] SystemI::createSound                     :     add node to async list : head = 00000000413FBE88.  list count = 0
[LOG] SystemI::createSoundInternal             :     exinfo->cbsize             = 232
[LOG] SystemI::createSoundInternal             :     exinfo->length             = 2746176
[LOG] SystemI::createSoundInternal             :     exinfo->fileoffset         = 31264
[LOG] SystemI::createSoundInternal             :     exinfo->numsubsounds       = 1
[LOG] SystemI::createSoundInternal             :     exinfo->inclusionlist      = 0000000048F20508
[LOG] SystemI::createSoundInternal             :     exinfo->inclusionlistnum   = 1
[LOG] SystemI::createSoundInternal             :     exinfo->suggestedsoundtype = 5
[LOG] SystemI::createSoundInternal             :     exinfo->initialseekpostype = 1
[LOG] SystemI::createSoundInternal             :     Stream 0/1: name='CHORUS A DRUMS', format=2, channels=2, frequency=48000, lengthbytes=146688, lengthpcm=506373, pcmblocksize=0, loopstart=0, loopend=0, mode=0x00000000, channelmask=0x00000000, channelorder=0, peakvolume=0.528381.
[LOG] AsyncThread::threadFunc                  : Finished Asynchronous operation on sound 0000000041062398
[LOG] AsyncThread::threadFunc                  : Starting Asynchronous operation on sound 0000000041062548
[LOG] SystemI::createSoundInternal             :     Create name='C:\GameJamFOlder\GameJam\GameJamHome\Assets\FMOD\neighbours\Build\Desktop\Master Bank.bank', mode=0x02010082
[LOG] SystemI::createSoundInternal             :     exinfo->cbsize             = 232
[LOG] SystemI::createSoundInternal             :     exinfo->length             = 2746176
[LOG] SystemI::createSoundInternal             :     exinfo->fileoffset         = 31264
[LOG] SystemI::createSoundInternal             :     exinfo->numsubsounds       = 1
[LOG] SystemI::createSoundInternal             :     exinfo->inclusionlist      = 0000000048F1FE78
[LOG] SystemI::createSoundInternal             :     exinfo->inclusionlistnum   = 1
[LOG] SystemI::createSoundInternal             :     exinfo->suggestedsoundtype = 5
[LOG] SystemI::createSoundInternal             :     exinfo->initialseekpostype = 1
[LOG] SystemI::createSoundInternal             :     Stream 0/1: name='CHORUS A INSTRUMENTS', format=2, channels=2, frequency=48000, lengthbytes=140544, lengthpcm=506373, pcmblocksize=0, loopstart=0, loopend=0, mode=0x00000000, channelmask=0x00000000, channelorder=0, peakvolume=0.407593.
[LOG] AsyncThread::threadFunc                  : Finished Asynchronous operation on sound 0000000041062548
[LOG] SoundI::getSubSound                      : sound 0000000041062398.  Subsound index 0 / 1
[LOG] SoundI::getSubSound                      : sound 0000000041062548.  Subsound index 0 / 1
[LOG] SoundI::release                          : INTRO INSTRUMENTS (0000000041061B28)
[LOG] SoundI::release                          :     INTRO INSTRUMENTS (00000000413FDDB8)
[LOG] SoundI::release                          :     INTRO INSTRUMENTS (0000000041060A48)
[LOG] SoundI::release                          : INTRO DRUMS (0000000041061CD8)
[LOG] SoundI::release                          :     INTRO DRUMS (00000000413FAE98)
[LOG] SoundI::release                          :     INTRO DRUMS (0000000041061E88)
[LOG] SystemI::createSound                     : filename = C:\GameJamFOlder\GameJam\GameJamHome\Assets\FMOD\neighbours\Build\Desktop\Master Bank.bank : mode 02010082
[LOG] SystemI::createSound                     : FMOD_NONBLOCKING specified.  Putting into queue to be opened asynchronously!
[LOG] SystemI::createSound                     : setdata soundi = 0000000041283528 : node = 0000000048F1F970
[LOG] SystemI::createSound                     : add node to async list : head = 00000000413FBE88.  list count = 0
[LOG] SystemI::createSound                     : filename = C:\GameJamFOlder\GameJam\GameJamHome\Assets\FMOD\neighbours\Build\Desktop\Master Bank.bank : mode 02010082
[LOG] SystemI::createSound                     : FMOD_NONBLOCKING specified.  Putting into queue to be opened asynchronously!
[LOG] SystemI::createSound                     : setdata soundi = 0000000041281BD8 : node = 0000000048F1F190
[LOG] SystemI::createSound                     : add node to async list : head = 00000000413FBE88.  list count = 0
[LOG] AsyncThread::threadFunc                  : Starting Asynchronous operation on sound 0000000041283528
[LOG] SystemI::createSoundInternal             :     Create name='C:\GameJamFOlder\GameJam\GameJamHome\Assets\FMOD\neighbours\Build\Desktop\Master Bank.bank', mode=0x02010082
[LOG] SystemI::createSoundInternal             :     exinfo->cbsize             = 232
[LOG] SystemI::createSoundInternal             :     exinfo->length             = 2746176
[LOG] SystemI::createSoundInternal             :     exinfo->fileoffset         = 31264
[LOG] SystemI::createSoundInternal             :     exinfo->numsubsounds       = 1
[LOG] SystemI::createSoundInternal             :     exinfo->inclusionlist      = 0000000048F1FA88
[LOG] SystemI::createSoundInternal             :     exinfo->inclusionlistnum   = 1
[LOG] SystemI::createSoundInternal             :     exinfo->suggestedsoundtype = 5
[LOG] SystemI::createSoundInternal             :     exinfo->initialseekpostype = 1
[LOG] SystemI::createSoundInternal             :     Stream 0/1: name='CHORUS A DRUMS', format=2, channels=2, frequency=48000, lengthbytes=146688, lengthpcm=506373, pcmblocksize=0, loopstart=0, loopend=0, mode=0x00000000, channelmask=0x00000000, channelorder=0, peakvolume=0.528381.
[LOG] AsyncThread::threadFunc                  : Finished Asynchronous operation on sound 0000000041283528
[LOG] AsyncThread::threadFunc                  : Starting Asynchronous operation on sound 0000000041281BD8
[LOG] SystemI::createSoundInternal             :     Create name='C:\GameJamFOlder\GameJam\GameJamHome\Assets\FMOD\neighbours\Build\Desktop\Master Bank.bank', mode=0x02010082
[LOG] SystemI::createSoundInternal             :     exinfo->cbsize             = 232
[LOG] SystemI::createSoundInternal             :     exinfo->length             = 2746176
[LOG] SystemI::createSoundInternal             :     exinfo->fileoffset         = 31264
[LOG] SystemI::createSoundInternal             :     exinfo->numsubsounds       = 1
[LOG] SystemI::createSoundInternal             :     exinfo->inclusionlist      = 0000000048F1F2A8
[LOG] SystemI::createSoundInternal             :     exinfo->inclusionlistnum   = 1
[LOG] SystemI::createSoundInternal             :     exinfo->suggestedsoundtype = 5
[LOG] SystemI::createSoundInternal             :     exinfo->initialseekpostype = 1
[LOG] SystemI::createSoundInternal             :     Stream 0/1: name='CHORUS A INSTRUMENTS', format=2, channels=2, frequency=48000, lengthbytes=140544, lengthpcm=506373, pcmblocksize=0, loopstart=0, loopend=0, mode=0x00000000, channelmask=0x00000000, channelorder=0, peakvolume=0.407593.
[LOG] AsyncThread::threadFunc                  : Finished Asynchronous operation on sound 0000000041281BD8
[LOG] SoundI::getSubSound                      : sound 0000000041283528.  Subsound index 0 / 1
[LOG] SoundI::getSubSound                      : sound 0000000041281BD8.  Subsound index 0 / 1
[LOG] SoundI::release                          : CHORUS A DRUMS (0000000041062398)
[LOG] SoundI::release                          :     CHORUS A DRUMS (00000000413FB038)
[LOG] SoundI::release                          :     CHORUS A DRUMS (00000000410626F8)
[LOG] SoundI::release                          : CHORUS A INSTRUMENTS (0000000041062548)
[LOG] SoundI::release                          :     CHORUS A INSTRUMENTS (00000000413FB1D8)
[LOG] SoundI::release                          :     CHORUS A INSTRUMENTS (0000000041281D88)
[LOG] SoundI::release                          : CHORUS A INSTRUMENTS (0000000041281BD8)
[LOG] SoundI::release                          :     CHORUS A INSTRUMENTS (00000000413FAE98)
[LOG] SoundI::release                          :     CHORUS A INSTRUMENTS (0000000041282958)
[LOG] SoundI::release                          : CHORUS A DRUMS (0000000041283528)
[LOG] SoundI::release                          :     CHORUS A DRUMS (00000000413FDDB8)
[LOG] SoundI::release                          :     CHORUS A DRUMS (0000000041281F38)
[ERR] RuntimeBankModel::openFile               : Failed to open file 'D:\Den Haag\Program Files (x86)\GameJam\GameJamHome\Assets\FMOD\neighbours\Build\Desktop\Master Bank.bank'
[LOG] Manager::readBank                        : fileversion = 103, compatVersion = 99 (oldest = 44, newest = 103)
[ERR] assert                                   : assertion: 'mMasterBus == nullptr' failed
[LOG] PlaybackSystem::acquireMasterBus         : Setting master channel group format to 6
[LOG] Manager::readBank                        : fileversion = 103, compatVersion = 99 (oldest = 44, newest = 103)
[LOG] Manager::finishLoadBank                  : Bank with guid {4cd2db49-49ee-43e8-93cf-8e95d8b08865} has already been loaded
[LOG] SystemI::createSoundInternal             : Create name='', mode=0x02000202
[LOG] SystemI::createSoundInternal             : exinfo->cbsize             = 232
[LOG] SystemI::createSoundInternal             : exinfo->length             = 2746176
[LOG] SystemI::createSoundInternal             : exinfo->fileoffset         = 31264
[LOG] SystemI::createSoundInternal             : exinfo->numsubsounds       = 1
[LOG] SystemI::createSoundInternal             : exinfo->inclusionlist      = 0000000077C6F5FC
[LOG] SystemI::createSoundInternal             : exinfo->inclusionlistnum   = 1
[LOG] SystemI::createSoundInternal             : exinfo->suggestedsoundtype = 5
[LOG] SystemI::createSoundInternal             : exinfo->useropen           = 00007FFC291D1100
[LOG] SystemI::createSoundInternal             : exinfo->userclose          = 00007FFC291D10D0
[LOG] SystemI::createSoundInternal             : exinfo->userread           = 00007FFC291D11D0
[LOG] SystemI::createSoundInternal             : exinfo->userseek           = 00007FFC291D1290
[LOG] SystemI::createSoundInternal             : exinfo->fileuserdata       = 000000004FDD06D8
[LOG] SystemI::createSoundInternal             : exinfo->initialseekpostype = 1
[LOG] SystemI::DSPCodecPoolRegister            : register codec pool for pool type 5
[LOG] SystemI::createSoundInternal             : Sample 0/1: name='ExplosionTrailOff_BW.73013', format=2, channels=2, frequency=48000, lengthbytes=36768, lengthpcm=202496, pcmblocksize=0, loopstart=0, loopend=0, mode=0x00000000, channelmask=0x00000000, channelorder=0, peakvolume=0.944061.
[LOG] SystemI::createSoundInternal             : Create name='', mode=0x02000202
[LOG] SystemI::createSoundInternal             : exinfo->cbsize             = 232
[LOG] SystemI::createSoundInternal             : exinfo->length             = 2746176
[LOG] SystemI::createSoundInternal             : exinfo->fileoffset         = 31264
[LOG] SystemI::createSoundInternal             : exinfo->numsubsounds       = 1
[LOG] SystemI::createSoundInternal             : exinfo->inclusionlist      = 0000000077C6F5FC
[LOG] SystemI::createSoundInternal             : exinfo->inclusionlistnum   = 1
[LOG] SystemI::createSoundInternal             : exinfo->suggestedsoundtype = 5
[LOG] SystemI::createSoundInternal             : exinfo->useropen           = 00007FFC291D1100
[LOG] SystemI::createSoundInternal             : exinfo->userclose          = 00007FFC291D10D0
[LOG] SystemI::createSoundInternal             : exinfo->userread           = 00007FFC291D11D0
[LOG] SystemI::createSoundInternal             : exinfo->userseek           = 00007FFC291D1290
[LOG] SystemI::createSoundInternal             : exinfo->fileuserdata       = 000000004FDD06D8
[LOG] SystemI::createSoundInternal             : exinfo->initialseekpostype = 1
[LOG] SystemI::DSPCodecPoolRegister            : register codec pool for pool type 5
[LOG] SystemI::createSoundInternal             : Sample 0/1: name='Explosion_BW.74543', format=2, channels=2, frequency=48000, lengthbytes=17248, lengthpcm=88832, pcmblocksize=0, loopstart=0, loopend=0, mode=0x00000000, channelmask=0x00000000, channelorder=0, peakvolume=0.944061.
[LOG] SystemI::createSoundInternal             : Create name='', mode=0x02000202
[LOG] SystemI::createSoundInternal             : exinfo->cbsize             = 232
[LOG] SystemI::createSoundInternal             : exinfo->length             = 2746176
[LOG] SystemI::createSoundInternal             : exinfo->fileoffset         = 31264
[LOG] SystemI::createSoundInternal             : exinfo->numsubsounds       = 1
[LOG] SystemI::createSoundInternal             : exinfo->inclusionlist      = 0000000077C6F5FC
[LOG] SystemI::createSoundInternal             : exinfo->inclusionlistnum   = 1
[LOG] SystemI::createSoundInternal             : exinfo->suggestedsoundtype = 5
[LOG] SystemI::createSoundInternal             : exinfo->useropen           = 00007FFC291D1100
[LOG] SystemI::createSoundInternal             : exinfo->userclose          = 00007FFC291D10D0
[LOG] SystemI::createSoundInternal             : exinfo->userread           = 00007FFC291D11D0
[LOG] SystemI::createSoundInternal             : exinfo->userseek           = 00007FFC291D1290
[LOG] SystemI::createSoundInternal             : exinfo->fileuserdata       = 000000004FDD06D8
[LOG] SystemI::createSoundInternal             : exinfo->initialseekpostype = 1
[LOG] SystemI::DSPCodecPoolRegister            : register codec pool for pool type 5
[LOG] SystemI::createSoundInternal             : Sample 0/1: name='FirePassBy_BW.75055', format=2, channels=2, frequency=48000, lengthbytes=16992, lengthpcm=90368, pcmblocksize=0, loopstart=0, loopend=0, mode=0x00000000, channelmask=0x00000000, channelorder=0, peakvolume=0.944061.
[LOG] SystemI::createSoundInternal             : Create name='', mode=0x02000202
[LOG] SystemI::createSoundInternal             : exinfo->cbsize             = 232
[LOG] SystemI::createSoundInternal             : exinfo->length             = 2746176
[LOG] SystemI::createSoundInternal             : exinfo->fileoffset         = 31264
[LOG] SystemI::createSoundInternal             : exinfo->numsubsounds       = 1
[LOG] SystemI::createSoundInternal             : exinfo->inclusionlist      = 0000000077C6F5FC
[LOG] SystemI::createSoundInternal             : exinfo->inclusionlistnum   = 1
[LOG] SystemI::createSoundInternal             : exinfo->suggestedsoundtype = 5
[LOG] SystemI::createSoundInternal             : exinfo->useropen           = 00007FFC291D1100
[LOG] SystemI::createSoundInternal             : exinfo->userclose          = 00007FFC291D10D0
[LOG] SystemI::createSoundInternal             : exinfo->userread           = 00007FFC291D11D0
[LOG] SystemI::createSoundInternal             : exinfo->userseek           = 00007FFC291D1290
[LOG] SystemI::createSoundInternal             : exinfo->fileuserdata       = 000000004FDD06D8
[LOG] SystemI::createSoundInternal             : exinfo->initialseekpostype = 1
[LOG] SystemI::DSPCodecPoolRegister            : register codec pool for pool type 5
[LOG] SystemI::createSoundInternal             : Sample 0/1: name='Bluezone_BC0249_029_organic_texture_analog', format=2, channels=2, frequency=48000, lengthbytes=33472, lengthpcm=92160, pcmblocksize=0, loopstart=0, loopend=0, mode=0x00000000, channelmask=0x00000000, channelorder=0, peakvolume=0.999885.
[LOG] SystemI::createSoundInternal             : Create name='', mode=0x02000202
[LOG] SystemI::createSoundInternal             : exinfo->cbsize             = 232
[LOG] SystemI::createSoundInternal             : exinfo->length             = 2746176
[LOG] SystemI::createSoundInternal             : exinfo->fileoffset         = 31264
[LOG] SystemI::createSoundInternal             : exinfo->numsubsounds       = 1
[LOG] SystemI::createSoundInternal             : exinfo->inclusionlist      = 0000000077C6F5FC
[LOG] SystemI::createSoundInternal             : exinfo->inclusionlistnum   = 1
[LOG] SystemI::createSoundInternal             : exinfo->suggestedsoundtype = 5
[LOG] SystemI::createSoundInternal             : exinfo->useropen           = 00007FFC291D1100
[LOG] SystemI::createSoundInternal             : exinfo->userclose          = 00007FFC291D10D0
[LOG] SystemI::createSoundInternal             : exinfo->userread           = 00007FFC291D11D0
[LOG] SystemI::createSoundInternal             : exinfo->userseek           = 00007FFC291D1290
[LOG] SystemI::createSoundInternal             : exinfo->fileuserdata       = 000000004FDD06D8
[LOG] SystemI::createSoundInternal             : exinfo->initialseekpostype = 1
[LOG] SystemI::DSPCodecPoolRegister            : register codec pool for pool type 5
[LOG] SystemI::createSoundInternal             : Sample 0/1: name='FirePassBy_BW.75024', format=2, channels=2, frequency=48000, lengthbytes=13120, lengthpcm=66816, pcmblocksize=0, loopstart=0, loopend=0, mode=0x00000000, channelmask=0x00000000, channelorder=0, peakvolume=0.944061.
[LOG] SoundI::release                          :  (000000004FB1EB58)
[LOG] SoundI::release                          :     FirePassBy_BW.75024 (0000000048841CE8)
[LOG] SoundI::release                          :  (000000004FB1ECC8)
[LOG] SoundI::release                          :     FirePassBy_BW.75055 (0000000048842028)
[LOG] SoundI::release                          :  (000000004FB1E878)
[LOG] SoundI::release                          :     ExplosionTrailOff_BW.73013 (0000000048841188)
[LOG] SoundI::release                          :  (000000004FB200E8)
[LOG] SoundI::release                          :     Explosion_BW.74543 (00000000488414C8)
[LOG] SoundI::release                          :  (000000004FB203C8)
[LOG] SoundI::release                          :     Bluezone_BC0249_029_organic_texture_analog (0000000048841808)
[ERR] RuntimeBankModel::openFile               : Failed to open file 'D:\Den Haag\Program Files (x86)\GameJam\GameJamHome\Assets\FMOD\neighbours\Build\Desktop\Master Bank.bank'
[LOG] Manager::readBank                        : fileversion = 103, compatVersion = 99 (oldest = 44, newest = 103)
[ERR] assert                                   : assertion: 'mMasterBus == nullptr' failed
[LOG] PlaybackSystem::acquireMasterBus         : Setting master channel group format to 6
[LOG] Manager::readBank                        : fileversion = 103, compatVersion = 99 (oldest = 44, newest = 103)
[LOG] Manager::finishLoadBank                  : Bank with guid {4cd2db49-49ee-43e8-93cf-8e95d8b08865} has already been loaded
[LOG] SystemI::createSoundInternal             : Create name='', mode=0x02000202
[LOG] SystemI::createSoundInternal             : exinfo->cbsize             = 232
[LOG] SystemI::createSoundInternal             : exinfo->length             = 2746176
[LOG] SystemI::createSoundInternal             : exinfo->fileoffset         = 31264
[LOG] SystemI::createSoundInternal             : exinfo->numsubsounds       = 1
[LOG] SystemI::createSoundInternal             : exinfo->inclusionlist      = 0000000077C6F5FC
[LOG] SystemI::createSoundInternal             : exinfo->inclusionlistnum   = 1
[LOG] SystemI::createSoundInternal             : exinfo->suggestedsoundtype = 5
[LOG] SystemI::createSoundInternal             : exinfo->useropen           = 00007FFC291D1100
[LOG] SystemI::createSoundInternal             : exinfo->userclose          = 00007FFC291D10D0
[LOG] SystemI::createSoundInternal             : exinfo->userread           = 00007FFC291D11D0
[LOG] SystemI::createSoundInternal             : exinfo->userseek           = 00007FFC291D1290
[LOG] SystemI::createSoundInternal             : exinfo->fileuserdata       = 000000004FDD0D08
[LOG] SystemI::createSoundInternal             : exinfo->initialseekpostype = 1
[LOG] SystemI::DSPCodecPoolRegister            : register codec pool for pool type 5
[LOG] SystemI::createSoundInternal             : Sample 0/1: name='Bluezone-BC0197-mixed-falling-rubble-explosion-impact-008', format=2, channels=2, frequency=48000, lengthbytes=69184, lengthpcm=333531, pcmblocksize=0, loopstart=0, loopend=0, mode=0x00000000, channelmask=0x00000000, channelorder=0, peakvolume=1.000000.
[LOG] SystemI::createSoundInternal             : Create name='', mode=0x02000202
[LOG] SystemI::createSoundInternal             : exinfo->cbsize             = 232
[LOG] SystemI::createSoundInternal             : exinfo->length             = 2746176
[LOG] SystemI::createSoundInternal             : exinfo->fileoffset         = 31264
[LOG] SystemI::createSoundInternal             : exinfo->numsubsounds       = 1
[LOG] SystemI::createSoundInternal             : exinfo->inclusionlist      = 0000000077C6F5FC
[LOG] SystemI::createSoundInternal             : exinfo->inclusionlistnum   = 1
[LOG] SystemI::createSoundInternal             : exinfo->suggestedsoundtype = 5
[LOG] SystemI::createSoundInternal             : exinfo->useropen           = 00007FFC291D1100
[LOG] SystemI::createSoundInternal             : exinfo->userclose          = 00007FFC291D10D0
[LOG] SystemI::createSoundInternal             : exinfo->userread           = 00007FFC291D11D0
[LOG] SystemI::createSoundInternal             : exinfo->userseek           = 00007FFC291D1290
[LOG] SystemI::createSoundInternal             : exinfo->fileuserdata       = 000000004FDD0D08
[LOG] SystemI::createSoundInternal             : exinfo->initialseekpostype = 1
[LOG] SystemI::DSPCodecPoolRegister            : register codec pool for pool type 5
[LOG] SystemI::createSoundInternal             : Sample 0/1: name='Bluezone-BC0197-mixed-falling-rubble-explosion-impact-009', format=2, channels=2, frequency=48000, lengthbytes=49856, lengthpcm=197551, pcmblocksize=0, loopstart=0, loopend=0, mode=0x00000000, channelmask=0x00000000, channelorder=0, peakvolume=1.000000.
[LOG] SystemI::createSoundInternal             : Create name='', mode=0x02000202
[LOG] SystemI::createSoundInternal             : exinfo->cbsize             = 232
[LOG] SystemI::createSoundInternal             : exinfo->length             = 2746176
[LOG] SystemI::createSoundInternal             : exinfo->fileoffset         = 31264
[LOG] SystemI::createSoundInternal             : exinfo->numsubsounds       = 1
[LOG] SystemI::createSoundInternal             : exinfo->inclusionlist      = 0000000077C6F5FC
[LOG] SystemI::createSoundInternal             : exinfo->inclusionlistnum   = 1
[LOG] SystemI::createSoundInternal             : exinfo->suggestedsoundtype = 5
[LOG] SystemI::createSoundInternal             : exinfo->useropen           = 00007FFC291D1100
[LOG] SystemI::createSoundInternal             : exinfo->userclose          = 00007FFC291D10D0
[LOG] SystemI::createSoundInternal             : exinfo->userread           = 00007FFC291D11D0
[LOG] SystemI::createSoundInternal             : exinfo->userseek           = 00007FFC291D1290
[LOG] SystemI::createSoundInternal             : exinfo->fileuserdata       = 000000004FDD0D08
[LOG] SystemI::createSoundInternal             : exinfo->initialseekpostype = 1
[LOG] SystemI::DSPCodecPoolRegister            : register codec pool for pool type 5
[LOG] SystemI::createSoundInternal             : Sample 0/1: name='Bluezone-BC0197-mixed-falling-rubble-explosion-impact-005', format=2, channels=2, frequency=48000, lengthbytes=108608, lengthpcm=371156, pcmblocksize=0, loopstart=0, loopend=0, mode=0x00000000, channelmask=0x00000000, channelorder=0, peakvolume=1.000000.
[LOG] SystemI::createSound                     : filename = C:\GameJamFOlder\GameJam\GameJamHome\Assets\FMOD\neighbours\Build\Desktop\Master Bank.bank : mode 02010082
[LOG] SystemI::createSound                     : FMOD_NONBLOCKING specified.  Putting into queue to be opened asynchronously!
[LOG] SystemI::createSound                     : setdata soundi = 0000000041283528 : node = 0000000048F1F190
[LOG] SystemI::createSound                     : add node to async list : head = 00000000413FBE88.  list count = 0
[LOG] AsyncThread::threadFunc                  : Starting Asynchronous operation on sound 0000000041283528
[LOG] SystemI::createSoundInternal             :     Create name='C:\GameJamFOlder\GameJam\GameJamHome\Assets\FMOD\neighbours\Build\Desktop\Master Bank.bank', mode=0x02010082
[LOG] SystemI::createSoundInternal             :     exinfo->cbsize             = 232
[LOG] SystemI::createSoundInternal             :     exinfo->length             = 2746176
[LOG] SystemI::createSoundInternal             :     exinfo->fileoffset         = 31264
[LOG] SystemI::createSoundInternal             :     exinfo->numsubsounds       = 1
[LOG] SystemI::createSoundInternal             :     exinfo->inclusionlist      = 0000000048F1F2A8
[LOG] SystemI::createSoundInternal             :     exinfo->inclusionlistnum   = 1
[LOG] SystemI::createSoundInternal             :     exinfo->suggestedsoundtype = 5
[LOG] SystemI::createSoundInternal             :     exinfo->initialseekpostype = 1
[LOG] SystemI::createSoundInternal             :     Stream 0/1: name='Bluezone-BC0197-mixed-falling-rubble-explosion-impact-007', format=2, channels=2, frequency=48000, lengthbytes=189504, lengthpcm=813007, pcmblocksize=0, loopstart=0, loopend=0, mode=0x00000000, channelmask=0x00000000, channelorder=0, peakvolume=1.000000.
[LOG] AsyncThread::threadFunc                  : Finished Asynchronous operation on sound 0000000041283528
[LOG] SoundI::getSubSound                      : sound 0000000041283528.  Subsound index 0 / 1
[LOG] SystemI::createSound                     : filename = C:\GameJamFOlder\GameJam\GameJamHome\Assets\FMOD\neighbours\Build\Desktop\Master Bank.bank : mode 02010082
[LOG] SystemI::createSound                     : FMOD_NONBLOCKING specified.  Putting into queue to be opened asynchronously!
[LOG] SystemI::createSound                     : setdata soundi = 0000000041281D88 : node = 0000000048F1FD60
[LOG] SystemI::createSound                     : add node to async list : head = 00000000413FBE88.  list count = 0
[LOG] AsyncThread::threadFunc                  : Starting Asynchronous operation on sound 0000000041281D88
[LOG] SystemI::createSoundInternal             :     Create name='C:\GameJamFOlder\GameJam\GameJamHome\Assets\FMOD\neighbours\Build\Desktop\Master Bank.bank', mode=0x02010082
[LOG] SystemI::createSound                     :     filename = C:\GameJamFOlder\GameJam\GameJamHome\Assets\FMOD\neighbours\Build\Desktop\Master Bank.bank : mode 02010082
[LOG] SystemI::createSoundInternal             :     exinfo->cbsize             = 232
[LOG] SystemI::createSound                     :     FMOD_NONBLOCKING specified.  Putting into queue to be opened asynchronously!
[LOG] SystemI::createSoundInternal             :     exinfo->length             = 2746176
[LOG] SystemI::createSoundInternal             :     exinfo->fileoffset         = 31264
[LOG] SystemI::createSound                     :     setdata soundi = 0000000041281F38 : node = 0000000048F1EDA0
[LOG] SystemI::createSoundInternal             :     exinfo->numsubsounds       = 1
[LOG] SystemI::createSound                     :     add node to async list : head = 00000000413FBE88.  list count = 0
[LOG] SystemI::createSoundInternal             :     exinfo->inclusionlist      = 0000000048F1FE78
[LOG] SystemI::createSoundInternal             :     exinfo->inclusionlistnum   = 1
[LOG] SystemI::createSoundInternal             :     exinfo->suggestedsoundtype = 5
[LOG] SystemI::createSoundInternal             :     exinfo->initialseekpostype = 1
[LOG] SystemI::createSoundInternal             :     Stream 0/1: name='Bluezone-BC0197-mixed-falling-rubble-explosion-impact-006', format=2, channels=2, frequency=48000, lengthbytes=77216, lengthpcm=494047, pcmblocksize=0, loopstart=0, loopend=0, mode=0x00000000, channelmask=0x00000000, channelorder=0, peakvolume=1.000000.
[LOG] AsyncThread::threadFunc                  : Finished Asynchronous operation on sound 0000000041281D88
[LOG] AsyncThread::threadFunc                  : Starting Asynchronous operation on sound 0000000041281F38
[LOG] SystemI::createSoundInternal             :     Create name='C:\GameJamFOlder\GameJam\GameJamHome\Assets\FMOD\neighbours\Build\Desktop\Master Bank.bank', mode=0x02010082
[LOG] SystemI::createSoundInternal             :     exinfo->cbsize             = 232
[LOG] SystemI::createSoundInternal             :     exinfo->length             = 2746176
[LOG] SystemI::createSoundInternal             :     exinfo->fileoffset         = 31264
[LOG] SystemI::createSoundInternal             :     exinfo->numsubsounds       = 1
[LOG] SystemI::createSoundInternal             :     exinfo->inclusionlist      = 0000000048F1EEB8
[LOG] SystemI::createSoundInternal             :     exinfo->inclusionlistnum   = 1
[LOG] SystemI::createSoundInternal             :     exinfo->suggestedsoundtype = 5
[LOG] SystemI::createSoundInternal             :     exinfo->initialseekpostype = 1
[LOG] SystemI::createSoundInternal             :     Stream 0/1: name='Bluezone-BC0197-mixed-falling-rubble-explosion-impact-007', format=2, channels=2, frequency=48000, lengthbytes=189504, lengthpcm=813007, pcmblocksize=0, loopstart=0, loopend=0, mode=0x00000000, channelmask=0x00000000, channelorder=0, peakvolume=1.000000.
[LOG] AsyncThread::threadFunc                  : Finished Asynchronous operation on sound 0000000041281F38
[LOG] SoundI::getSubSound                      : sound 0000000041281D88.  Subsound index 0 / 1
[LOG] SoundI::getSubSound                      : sound 0000000041281F38.  Subsound index 0 / 1
[LOG] SoundI::release                          : Bluezone-BC0197-mixed-falling-rubble-explosion-impact-007 (0000000041283528)
[LOG] SoundI::release                          :     Bluezone-BC0197-mixed-falling-rubble-explosion-impact-007 (0000000048842028)
[LOG] SoundI::release                          :     Bluezone-BC0197-mixed-falling-rubble-explosion-impact-007 (0000000041281BD8)
[LOG] SystemI::createSound                     : filename = C:\GameJamFOlder\GameJam\GameJamHome\Assets\FMOD\neighbours\Build\Desktop\Master Bank.bank : mode 02010082
[LOG] SystemI::createSound                     : FMOD_NONBLOCKING specified.  Putting into queue to be opened asynchronously!
[LOG] SystemI::createSound                     : setdata soundi = 0000000041282958 : node = 0000000048F202A0
[LOG] SystemI::createSound                     : add node to async list : head = 00000000413FBE88.  list count = 0
[LOG] SystemI::createSound                     : filename = C:\GameJamFOlder\GameJam\GameJamHome\Assets\FMOD\neighbours\Build\Desktop\Master Bank.bank : mode 02010082
[LOG] SystemI::createSound                     : FMOD_NONBLOCKING specified.  Putting into queue to be opened asynchronously!
[LOG] SystemI::createSound                     : setdata soundi = 0000000041283528 : node = 0000000048F1EEF0
[LOG] SystemI::createSound                     : add node to async list : head = 00000000413FBE88.  list count = 0
[LOG] AsyncThread::threadFunc                  : Starting Asynchronous operation on sound 0000000041282958
[LOG] SystemI::createSoundInternal             :     Create name='C:\GameJamFOlder\GameJam\GameJamHome\Assets\FMOD\neighbours\Build\Desktop\Master Bank.bank', mode=0x02010082
[LOG] SystemI::createSoundInternal             :     exinfo->cbsize             = 232
[LOG] SystemI::createSoundInternal             :     exinfo->length             = 2746176
[LOG] SystemI::createSoundInternal             :     exinfo->fileoffset         = 31264
[LOG] SystemI::createSoundInternal             :     exinfo->numsubsounds       = 1
[LOG] SystemI::createSoundInternal             :     exinfo->inclusionlist      = 0000000048F203B8
[LOG] SystemI::createSoundInternal             :     exinfo->inclusionlistnum   = 1
[LOG] SystemI::createSoundInternal             :     exinfo->suggestedsoundtype = 5
[LOG] SystemI::createSoundInternal             :     exinfo->initialseekpostype = 1
[LOG] SystemI::createSoundInternal             :     Stream 0/1: name='Bluezone-BC0197-mixed-falling-rubble-explosion-impact-006', format=2, channels=2, frequency=48000, lengthbytes=77216, lengthpcm=494047, pcmblocksize=0, loopstart=0, loopend=0, mode=0x00000000, channelmask=0x00000000, channelorder=0, peakvolume=1.000000.
[LOG] AsyncThread::threadFunc                  : Finished Asynchronous operation on sound 0000000041282958
[LOG] AsyncThread::threadFunc                  : Starting Asynchronous operation on sound 0000000041283528
[LOG] SystemI::createSoundInternal             :     Create name='C:\GameJamFOlder\GameJam\GameJamHome\Assets\FMOD\neighbours\Build\Desktop\Master Bank.bank', mode=0x02010082
[LOG] SystemI::createSoundInternal             :     exinfo->cbsize             = 232
[LOG] SystemI::createSoundInternal             :     exinfo->length             = 2746176
[LOG] SystemI::createSoundInternal             :     exinfo->fileoffset         = 31264
[LOG] SystemI::createSoundInternal             :     exinfo->numsubsounds       = 1
[LOG] SystemI::createSoundInternal             :     exinfo->inclusionlist      = 0000000048F1F008
[LOG] SystemI::createSoundInternal             :     exinfo->inclusionlistnum   = 1
[LOG] SystemI::createSoundInternal             :     exinfo->suggestedsoundtype = 5
[LOG] SystemI::createSoundInternal             :     exinfo->initialseekpostype = 1
[LOG] SystemI::createSoundInternal             :     Stream 0/1: name='Bluezone-BC0197-mixed-falling-rubble-explosion-impact-007', format=2, channels=2, frequency=48000, lengthbytes=189504, lengthpcm=813007, pcmblocksize=0, loopstart=0, loopend=0, mode=0x00000000, channelmask=0x00000000, channelorder=0, peakvolume=1.000000.
[LOG] AsyncThread::threadFunc                  : Finished Asynchronous operation on sound 0000000041283528
[LOG] SoundI::getSubSound                      : sound 0000000041282958.  Subsound index 0 / 1
[LOG] SoundI::getSubSound                      : sound 0000000041283528.  Subsound index 0 / 1
[LOG] SoundI::release                          : Bluezone-BC0197-mixed-falling-rubble-explosion-impact-007 (0000000041281F38)
[LOG] SoundI::release                          :     Bluezone-BC0197-mixed-falling-rubble-explosion-impact-007 (0000000048841808)
[LOG] SoundI::release                          :     Bluezone-BC0197-mixed-falling-rubble-explosion-impact-007 (00000000412827A8)
[LOG] SoundI::release                          : Bluezone-BC0197-mixed-falling-rubble-explosion-impact-006 (0000000041281D88)
[LOG] SoundI::release                          :     Bluezone-BC0197-mixed-falling-rubble-explosion-impact-006 (0000000048841CE8)
[LOG] SoundI::release                          :     Bluezone-BC0197-mixed-falling-rubble-explosion-impact-006 (0000000041282448)
[LOG] SystemI::createSound                     : filename = C:\GameJamFOlder\GameJam\GameJamHome\Assets\FMOD\neighbours\Build\Desktop\Master Bank.bank : mode 02010082
[LOG] SystemI::createSound                     : FMOD_NONBLOCKING specified.  Putting into queue to be opened asynchronously!
[LOG] SystemI::createSound                     : setdata soundi = 0000000041061B28 : node = 0000000048F1EDA0
[LOG] SystemI::createSound                     : add node to async list : head = 00000000413FBE88.  list count = 0
[LOG] AsyncThread::threadFunc                  : Starting Asynchronous operation on sound 0000000041061B28
[LOG] SystemI::createSoundInternal             :     Create name='C:\GameJamFOlder\GameJam\GameJamHome\Assets\FMOD\neighbours\Build\Desktop\Master Bank.bank', mode=0x02010082
[LOG] SystemI::createSoundInternal             :     exinfo->cbsize             = 232
[LOG] SystemI::createSoundInternal             :     exinfo->length             = 2746176
[LOG] SystemI::createSoundInternal             :     exinfo->fileoffset         = 31264
[LOG] SystemI::createSoundInternal             :     exinfo->numsubsounds       = 1
[LOG] SystemI::createSoundInternal             :     exinfo->inclusionlist      = 0000000048F1EEB8
[LOG] SystemI::createSoundInternal             :     exinfo->inclusionlistnum   = 1
[LOG] SystemI::createSoundInternal             :     exinfo->suggestedsoundtype = 5
[LOG] SystemI::createSoundInternal             :     exinfo->initialseekpostype = 1
[LOG] SystemI::createSoundInternal             :     Stream 0/1: name='Bluezone-BC0197-mixed-falling-rubble-explosion-impact-007', format=2, channels=2, frequency=48000, lengthbytes=189504, lengthpcm=813007, pcmblocksize=0, loopstart=0, loopend=0, mode=0x00000000, channelmask=0x00000000, channelorder=0, peakvolume=1.000000.
[LOG] AsyncThread::threadFunc                  : Finished Asynchronous operation on sound 0000000041061B28
[LOG] SoundI::getSubSound                      : sound 0000000041061B28.  Subsound index 0 / 1
[LOG] SoundI::release                          : Bluezone-BC0197-mixed-falling-rubble-explosion-impact-007 (0000000041283528)
[LOG] SoundI::release                          :     Bluezone-BC0197-mixed-falling-rubble-explosion-impact-007 (0000000048842028)
[LOG] SoundI::release                          :     Bluezone-BC0197-mixed-falling-rubble-explosion-impact-007 (0000000041061CD8)
[LOG] SoundI::release                          : Bluezone-BC0197-mixed-falling-rubble-explosion-impact-006 (0000000041282958)
[LOG] SoundI::release                          :     Bluezone-BC0197-mixed-falling-rubble-explosion-impact-006 (0000000048841E88)
[LOG] SoundI::release                          :     Bluezone-BC0197-mixed-falling-rubble-explosion-impact-006 (0000000041281BD8)
[LOG] SoundI::release                          :  (000000004FB1F288)
[LOG] SoundI::release                          :     Bluezone-BC0197-mixed-falling-rubble-explosion-impact-005 (00000000488414C8)
[LOG] SoundI::release                          :  (000000004FB1F118)
[LOG] SoundI::release                          :     Bluezone-BC0197-mixed-falling-rubble-explosion-impact-008 (0000000048840628)
[LOG] SoundI::release                          :  (000000004FB1EFA8)
[LOG] SoundI::release                          :     Bluezone-BC0197-mixed-falling-rubble-explosion-impact-009 (0000000048841188)
[LOG] SoundI::release                          : Bluezone-BC0197-mixed-falling-rubble-explosion-impact-007 (0000000041061B28)
[LOG] SoundI::release                          :     Bluezone-BC0197-mixed-falling-rubble-explosion-impact-007 (0000000048841808)
[LOG] SoundI::release                          :     Bluezone-BC0197-mixed-falling-rubble-explosion-impact-007 (0000000041061E88)
[LOG] Thread::callback                         : FMOD Studio bank load thread finished.
[LOG] Thread::callback                         : FMOD Studio sample load thread finished.
[LOG] LiveUpdate::release                      : 
[LOG] LiveUpdate::reset                        : Reset connection (reason Disconnected)
[LOG] Thread::callback                         : FMOD stream thread finished.
[LOG] Thread::callback                         : FMOD mixer thread finished.
[LOG] Thread::callback                         : FMOD nonblocking thread (0) finished.
[LOG] Thread::callback                         : FMOD file thread finished.
[LOG] SystemI::close                           : Closed.
